#### DBGLogOpen Called /media/Infinity/dev/BasicGames/b2c/b2c.cpp[2103]
Loading var translations
  Line='# Functions'
  orig_name='#'
  Line=''
  Line='# Intrinsics (Change mangled name back to original name) '
  orig_name='#'
  Line='SPACE_str     | SPACE'
  orig_name='SPACE_str'
  new_name='SPACE'
  Line='MID_str       | MID'
  orig_name='MID_str'
  new_name='MID'
  Line='CHR_str       | CHR'
  orig_name='CHR_str'
  new_name='CHR'
  Line='RIGHT_str     | RIGHT'
  orig_name='RIGHT_str'
  new_name='RIGHT'
  Line='LEFT_str      | LEFT'
  orig_name='LEFT_str'
  new_name='LEFT'
  Line=''
  Line='# Variables'
  orig_name='#'
  Line='I_int         | i'
  orig_name='I_int'
  new_name='i'
  Line='J_int         | j'
  orig_name='J_int'
  new_name='j'
  Line='N_str_arr     | TeamPlayerName'
  orig_name='N_str_arr'
  new_name='TeamPlayerName'
  Line='S_int_arr     | S_int_arr'
  orig_name='S_int_arr'
  new_name='S_int_arr'
  Line='E_int_arr     | E_int_arr'
  orig_name='E_int_arr'
  new_name='E_int_arr'
  Line='A_int_arr     | A_int_arr'
  orig_name='A_int_arr'
  new_name='A_int_arr'
  Line='Q_int_arr     | Q_int_arr'
  orig_name='Q_int_arr'
  new_name='Q_int_arr'
  Line='D_int_arr     | D_int_arr'
  orig_name='D_int_arr'
  new_name='D_int_arr'
  Line=''
  Line='# Line numbers'
  orig_name='#'
Finished loading var translations
Translations:
  'A_int_arr' --> 'A_int_arr'
  'CHR_str' --> 'CHR'
  'D_int_arr' --> 'D_int_arr'
  'E_int_arr' --> 'E_int_arr'
  'I_int' --> 'i'
  'J_int' --> 'j'
  'LEFT_str' --> 'LEFT'
  'MID_str' --> 'MID'
  'N_str_arr' --> 'TeamPlayerName'
  'Q_int_arr' --> 'Q_int_arr'
  'RIGHT_str' --> 'RIGHT'
  'SPACE_str' --> 'SPACE'
  'S_int_arr' --> 'S_int_arr'
End Translations.
(PRINTSTMT)basiclval.stype='I2'
(PRINTSTMT)basiclval.stype='N$'
(PRINTSTMT)basiclval.stype='T'
(PRINTSTMT)basiclval.stype='N$'
(PRINTSTMT)basiclval.stype='B'
(PRINTSTMT)basiclval.stype='M1'
(PRINTSTMT)basiclval.stype='N$'
(PRINTSTMT)basiclval.stype='B'
(PRINTSTMT)basiclval.stype='N$'
(PRINTSTMT)basiclval.stype='B'
(PRINTSTMT)basiclval.stype='N$'
(PRINTSTMT)basiclval.stype='B'
(PRINTSTMT)basiclval.stype='N$'
(PRINTSTMT)basiclval.stype='B'
(PRINTSTMT)basiclval.stype='N$'
(PRINTSTMT)basiclval.stype='B'
(PRINTSTMT)basiclval.stype='N$'
(PRINTSTMT)basiclval.stype='B'
(PRINTSTMT)basiclval.stype='N$'
(PRINTSTMT)basiclval.stype='B'
(PRINTSTMT)basiclval.stype='N$'
(PRINTSTMT)basiclval.stype='B'
(PRINTSTMT)basiclval.stype='N$'
(PRINTSTMT)basiclval.stype='B'
(PRINTSTMT)basiclval.stype='N$'
(PRINTSTMT)basiclval.stype='B'
(PRINTSTMT)basiclval.stype='C'
(PRINTSTMT)basiclval.stype='N$'
(PRINTSTMT)basiclval.stype='B'
(PRINTSTMT)basiclval.stype='N$'
(PRINTSTMT)basiclval.stype='B'
(PRINTSTMT)basiclval.stype='N$'
(PRINTSTMT)basiclval.stype='B'
(PRINTSTMT)basiclval.stype='N$'
(PRINTSTMT)basiclval.stype='T'
(PRINTSTMT)basiclval.stype='D'
(PRINTSTMT)basiclval.stype='J'
(PRINTSTMT)basiclval.stype='N$'
(PRINTSTMT)basiclval.stype='B'
(PRINTSTMT)basiclval.stype='N$'
(PRINTSTMT)basiclval.stype='B'
(PRINTSTMT)basiclval.stype='N$'
(PRINTSTMT)basiclval.stype='B'
(PRINTSTMT)basiclval.stype='N$'
(PRINTSTMT)basiclval.stype='B'
(PRINTSTMT)basiclval.stype='N$'
(PRINTSTMT)basiclval.stype='B'
(PRINTSTMT)basiclval.stype='B'
(PRINTSTMT)basiclval.stype='I'
(PRINTSTMT)basiclval.stype='Q'
(PRINTSTMT)basiclval.stype='I'
(PRINTSTMT)basiclval.stype='D'
(PRINTSTMT)basiclval.stype='J'
(PRINTSTMT)basiclval.stype='B'
(PRINTSTMT)basiclval.stype='I'
(PRINTSTMT)basiclval.stype='N$'
(PRINTSTMT)basiclval.stype='B'
(PRINTSTMT)basiclval.stype='N$'
(PRINTSTMT)basiclval.stype='B'
(PRINTSTMT)basiclval.stype='N$'
(PRINTSTMT)basiclval.stype='B'
(PRINTSTMT)basiclval.stype='T1'
(PRINTSTMT)basiclval.stype='N$'
(PRINTSTMT)basiclval.stype='T'
(PRINTSTMT)basiclval.stype='T2'
(PRINTSTMT)basiclval.stype='I'
(PRINTSTMT)basiclval.stype='Q'
(PRINTSTMT)basiclval.stype='I'
(PRINTSTMT)basiclval.stype='D'
(PRINTSTMT)basiclval.stype='J'
(PRINTSTMT)basiclval.stype='N$'
(PRINTSTMT)basiclval.stype='B'
(PRINTSTMT)basiclval.stype='I'
(PRINTSTMT)basiclval.stype='N$'
(PRINTSTMT)basiclval.stype='B'
(PRINTSTMT)basiclval.stype='C'
(PRINTSTMT)basiclval.stype='N$'
(PRINTSTMT)basiclval.stype='B'
(PRINTSTMT)basiclval.stype='T5'
(PRINTSTMT)basiclval.stype='L'
(PRINTSTMT)basiclval.stype='T5'
(PRINTSTMT)basiclval.stype='N$'
(PRINTSTMT)basiclval.stype='B'
(PRINTSTMT)basiclval.stype='T5'
(PRINTSTMT)basiclval.stype='I'
(PRINTSTMT)basiclval.stype='A'
(PRINTSTMT)basiclval.stype='I'
(PRINTSTMT)basiclval.stype='L'
(PRINTSTMT)basiclval.stype='I'
(PRINTSTMT)basiclval.stype='B'
(PRINTSTMT)basiclval.stype='I'
(PRINTSTMT)basiclval.stype='S'
(PRINTSTMT)basiclval.stype='B'
(PRINTSTMT)basiclval.stype='I'
(PRINTSTMT)basiclval.stype='N$'
(PRINTSTMT)basiclval.stype='B'
(PRINTSTMT)basiclval.stype='I'
(PRINTSTMT)basiclval.stype='N$'
(PRINTSTMT)basiclval.stype='B'
(PRINTSTMT)basiclval.stype='J'
(PRINTSTMT)basiclval.stype='N$'
(PRINTSTMT)basiclval.stype='B'
(PRINTSTMT)basiclval.stype='N$'
(PRINTSTMT)basiclval.stype='B'
(PRINTSTMT)basiclval.stype='P2'
(PRINTSTMT)basiclval.stype='N$'
(PRINTSTMT)basiclval.stype='B'
(PRINTSTMT)basiclval.stype='P2'
(PRINTSTMT)basiclval.stype='N$'
(PRINTSTMT)basiclval.stype='B'
(PRINTSTMT)basiclval.stype='N$'
(PRINTSTMT)basiclval.stype='B'
(PRINTSTMT)basiclval.stype='N$'
(PRINTSTMT)basiclval.stype='B'
(PRINTSTMT)basiclval.stype='N$'
(PRINTSTMT)basiclval.stype='S'
(PRINTSTMT)basiclval.stype='N$'
(PRINTSTMT)basiclval.stype='S'
(PRINTSTMT)basiclval.stype='N$'
(PRINTSTMT)basiclval.stype='S'
(PRINTSTMT)basiclval.stype='N$'
(PRINTSTMT)basiclval.stype='S'
(PRINTSTMT)basiclval.stype='N$'
(PRINTSTMT)basiclval.stype='B'
(PRINTSTMT)basiclval.stype='I'
(PRINTSTMT)basiclval.stype='N$'
(PRINTSTMT)basiclval.stype='B'
(PRINTSTMT)basiclval.stype='I'
(PRINTSTMT)basiclval.stype='C'
(PRINTSTMT)basiclval.stype='N$'
(PRINTSTMT)basiclval.stype='B'
(PRINTSTMT)basiclval.stype='I'
(PRINTSTMT)basiclval.stype='N$'
(PRINTSTMT)basiclval.stype='F'
(PRINTSTMT)basiclval.stype='T'
(PRINTSTMT)basiclval.stype='C'
(PRINTSTMT)basiclval.stype='N$'
(PRINTSTMT)basiclval.stype='B'
(PRINTSTMT)basiclval.stype='N$'
(PRINTSTMT)basiclval.stype='B'
